mode: set
github.com/marcelom97/scimgateway/scim/attributes.go:21.77,31.34 2 1
github.com/marcelom97/scimgateway/scim/attributes.go:31.34,37.39 3 1
github.com/marcelom97/scimgateway/scim/attributes.go:37.39,42.4 4 1
github.com/marcelom97/scimgateway/scim/attributes.go:45.2,45.32 1 1
github.com/marcelom97/scimgateway/scim/attributes.go:45.32,51.39 3 1
github.com/marcelom97/scimgateway/scim/attributes.go:51.39,56.4 4 1
github.com/marcelom97/scimgateway/scim/attributes.go:59.2,59.11 1 1
github.com/marcelom97/scimgateway/scim/attributes.go:63.72,65.37 1 1
github.com/marcelom97/scimgateway/scim/attributes.go:65.37,67.3 1 0
github.com/marcelom97/scimgateway/scim/attributes.go:70.2,71.16 2 1
github.com/marcelom97/scimgateway/scim/attributes.go:71.16,73.3 1 0
github.com/marcelom97/scimgateway/scim/attributes.go:75.2,76.54 2 1
github.com/marcelom97/scimgateway/scim/attributes.go:76.54,78.3 1 0
github.com/marcelom97/scimgateway/scim/attributes.go:81.2,90.33 3 1
github.com/marcelom97/scimgateway/scim/attributes.go:90.33,94.31 2 1
github.com/marcelom97/scimgateway/scim/attributes.go:94.31,96.12 2 1
github.com/marcelom97/scimgateway/scim/attributes.go:100.3,100.28 1 1
github.com/marcelom97/scimgateway/scim/attributes.go:100.28,101.12 1 1
github.com/marcelom97/scimgateway/scim/attributes.go:105.3,105.21 1 1
github.com/marcelom97/scimgateway/scim/attributes.go:105.21,107.31 1 1
github.com/marcelom97/scimgateway/scim/attributes.go:107.31,109.5 1 1
github.com/marcelom97/scimgateway/scim/attributes.go:109.10,109.75 1 1
github.com/marcelom97/scimgateway/scim/attributes.go:109.75,112.29 2 1
github.com/marcelom97/scimgateway/scim/attributes.go:112.29,114.6 1 1
github.com/marcelom97/scimgateway/scim/attributes.go:116.9,119.92 1 1
github.com/marcelom97/scimgateway/scim/attributes.go:119.92,122.29 2 1
github.com/marcelom97/scimgateway/scim/attributes.go:122.29,124.6 1 1
github.com/marcelom97/scimgateway/scim/attributes.go:125.10,127.5 1 1
github.com/marcelom97/scimgateway/scim/attributes.go:131.2,131.22 1 1
github.com/marcelom97/scimgateway/scim/attributes.go:135.78,136.37 1 1
github.com/marcelom97/scimgateway/scim/attributes.go:136.37,138.3 1 1
github.com/marcelom97/scimgateway/scim/attributes.go:140.2,141.37 2 1
github.com/marcelom97/scimgateway/scim/attributes.go:141.37,143.17 2 1
github.com/marcelom97/scimgateway/scim/attributes.go:143.17,145.4 1 0
github.com/marcelom97/scimgateway/scim/attributes.go:146.3,146.33 1 1
github.com/marcelom97/scimgateway/scim/attributes.go:149.2,149.22 1 1
github.com/marcelom97/scimgateway/scim/attributes.go:154.89,155.18 1 1
github.com/marcelom97/scimgateway/scim/attributes.go:155.18,157.3 1 0
github.com/marcelom97/scimgateway/scim/attributes.go:161.2,162.36 2 1
github.com/marcelom97/scimgateway/scim/attributes.go:162.36,163.33 1 1
github.com/marcelom97/scimgateway/scim/attributes.go:163.33,169.4 4 0
github.com/marcelom97/scimgateway/scim/attributes.go:169.9,172.4 1 1
github.com/marcelom97/scimgateway/scim/attributes.go:176.2,176.34 1 1
github.com/marcelom97/scimgateway/scim/attributes.go:176.34,178.28 2 1
github.com/marcelom97/scimgateway/scim/attributes.go:178.28,179.48 1 1
github.com/marcelom97/scimgateway/scim/attributes.go:179.48,181.30 2 1
github.com/marcelom97/scimgateway/scim/attributes.go:181.30,183.6 1 1
github.com/marcelom97/scimgateway/scim/attributes.go:186.3,186.24 1 1
github.com/marcelom97/scimgateway/scim/attributes.go:186.24,188.4 1 1
github.com/marcelom97/scimgateway/scim/attributes.go:189.3,189.13 1 0
github.com/marcelom97/scimgateway/scim/attributes.go:193.2,193.46 1 1
github.com/marcelom97/scimgateway/scim/attributes.go:193.46,195.27 2 1
github.com/marcelom97/scimgateway/scim/attributes.go:195.27,197.4 1 1
github.com/marcelom97/scimgateway/scim/attributes.go:198.3,198.13 1 0
github.com/marcelom97/scimgateway/scim/attributes.go:202.2,202.14 1 0
github.com/marcelom97/scimgateway/scim/attributes.go:206.132,209.27 2 1
github.com/marcelom97/scimgateway/scim/attributes.go:209.27,211.60 2 1
github.com/marcelom97/scimgateway/scim/attributes.go:211.60,212.26 1 1
github.com/marcelom97/scimgateway/scim/attributes.go:212.26,215.5 1 1
github.com/marcelom97/scimgateway/scim/attributes.go:215.10,218.24 2 0
github.com/marcelom97/scimgateway/scim/attributes.go:218.24,220.6 1 0
github.com/marcelom97/scimgateway/scim/attributes.go:225.2,225.20 1 1
github.com/marcelom97/scimgateway/scim/attributes.go:230.89,231.18 1 1
github.com/marcelom97/scimgateway/scim/attributes.go:231.18,233.3 1 0
github.com/marcelom97/scimgateway/scim/attributes.go:237.2,238.35 2 1
github.com/marcelom97/scimgateway/scim/attributes.go:238.35,239.33 1 1
github.com/marcelom97/scimgateway/scim/attributes.go:239.33,245.4 4 0
github.com/marcelom97/scimgateway/scim/attributes.go:245.9,248.4 1 1
github.com/marcelom97/scimgateway/scim/attributes.go:252.2,252.34 1 1
github.com/marcelom97/scimgateway/scim/attributes.go:252.34,254.28 2 1
github.com/marcelom97/scimgateway/scim/attributes.go:254.28,255.48 1 1
github.com/marcelom97/scimgateway/scim/attributes.go:255.48,257.30 2 1
github.com/marcelom97/scimgateway/scim/attributes.go:257.30,259.6 1 1
github.com/marcelom97/scimgateway/scim/attributes.go:260.10,263.5 1 0
github.com/marcelom97/scimgateway/scim/attributes.go:265.3,265.18 1 1
github.com/marcelom97/scimgateway/scim/attributes.go:269.2,269.46 1 1
github.com/marcelom97/scimgateway/scim/attributes.go:269.46,271.3 1 1
github.com/marcelom97/scimgateway/scim/attributes.go:274.2,274.14 1 0
github.com/marcelom97/scimgateway/scim/attributes.go:278.115,281.27 2 1
github.com/marcelom97/scimgateway/scim/attributes.go:281.27,283.67 2 1
github.com/marcelom97/scimgateway/scim/attributes.go:283.67,284.26 1 1
github.com/marcelom97/scimgateway/scim/attributes.go:284.26,286.13 1 1
github.com/marcelom97/scimgateway/scim/attributes.go:287.10,290.24 2 0
github.com/marcelom97/scimgateway/scim/attributes.go:290.24,292.6 1 0
github.com/marcelom97/scimgateway/scim/attributes.go:294.9,297.4 1 1
github.com/marcelom97/scimgateway/scim/attributes.go:300.2,300.20 1 1
github.com/marcelom97/scimgateway/scim/attributes.go:306.72,307.41 1 1
github.com/marcelom97/scimgateway/scim/attributes.go:307.41,309.3 1 1
github.com/marcelom97/scimgateway/scim/attributes.go:311.2,321.24 6 1
github.com/marcelom97/scimgateway/scim/attributes.go:321.24,326.3 1 1
github.com/marcelom97/scimgateway/scim/attributes.go:328.2,328.40 1 1
github.com/marcelom97/scimgateway/scim/attributes.go:328.40,330.16 2 1
github.com/marcelom97/scimgateway/scim/attributes.go:330.16,332.4 1 1
github.com/marcelom97/scimgateway/scim/attributes.go:333.3,333.17 1 1
github.com/marcelom97/scimgateway/scim/attributes.go:336.2,336.23 1 1
github.com/marcelom97/scimgateway/scim/attributes.go:336.23,338.3 1 1
github.com/marcelom97/scimgateway/scim/attributes.go:340.2,340.15 1 1
github.com/marcelom97/scimgateway/scim/attributes.go:346.35,347.26 1 1
github.com/marcelom97/scimgateway/scim/attributes.go:347.26,349.3 1 0
github.com/marcelom97/scimgateway/scim/attributes.go:350.2,350.14 1 1
github.com/marcelom97/scimgateway/scim/attributes.go:350.14,352.3 1 0
github.com/marcelom97/scimgateway/scim/attributes.go:353.2,353.14 1 1
github.com/marcelom97/scimgateway/scim/attributes.go:353.14,355.3 1 0
github.com/marcelom97/scimgateway/scim/attributes.go:357.2,359.22 3 1
github.com/marcelom97/scimgateway/scim/attributes.go:359.22,360.18 1 1
github.com/marcelom97/scimgateway/scim/attributes.go:360.18,362.4 1 1
github.com/marcelom97/scimgateway/scim/attributes.go:363.3,363.18 1 1
github.com/marcelom97/scimgateway/scim/attributes.go:363.18,365.4 1 1
github.com/marcelom97/scimgateway/scim/attributes.go:366.3,366.11 1 0
github.com/marcelom97/scimgateway/scim/attributes.go:369.2,371.32 3 1
github.com/marcelom97/scimgateway/scim/attributes.go:371.32,372.20 1 0
github.com/marcelom97/scimgateway/scim/attributes.go:372.20,374.4 1 0
github.com/marcelom97/scimgateway/scim/attributes.go:375.3,375.20 1 0
github.com/marcelom97/scimgateway/scim/attributes.go:375.20,377.4 1 0
github.com/marcelom97/scimgateway/scim/attributes.go:378.3,378.11 1 0
github.com/marcelom97/scimgateway/scim/attributes.go:381.2,383.24 3 1
github.com/marcelom97/scimgateway/scim/attributes.go:383.24,384.22 1 0
github.com/marcelom97/scimgateway/scim/attributes.go:384.22,386.4 1 0
github.com/marcelom97/scimgateway/scim/attributes.go:387.3,387.22 1 0
github.com/marcelom97/scimgateway/scim/attributes.go:387.22,389.4 1 0
github.com/marcelom97/scimgateway/scim/attributes.go:390.3,390.11 1 0
github.com/marcelom97/scimgateway/scim/attributes.go:393.2,395.34 3 1
github.com/marcelom97/scimgateway/scim/attributes.go:395.34,396.27 1 1
github.com/marcelom97/scimgateway/scim/attributes.go:396.27,398.4 1 1
github.com/marcelom97/scimgateway/scim/attributes.go:399.3,399.26 1 1
github.com/marcelom97/scimgateway/scim/attributes.go:399.26,401.4 1 1
github.com/marcelom97/scimgateway/scim/attributes.go:402.3,402.11 1 1
github.com/marcelom97/scimgateway/scim/attributes.go:405.2,405.10 1 0
github.com/marcelom97/scimgateway/scim/attributes.go:409.31,410.25 1 1
github.com/marcelom97/scimgateway/scim/attributes.go:411.17,412.14 1 1
github.com/marcelom97/scimgateway/scim/attributes.go:413.18,414.13 1 1
github.com/marcelom97/scimgateway/scim/attributes.go:415.10,416.13 1 0
github.com/marcelom97/scimgateway/scim/attributes.go:421.83,425.20 2 1
github.com/marcelom97/scimgateway/scim/attributes.go:425.20,427.3 1 1
github.com/marcelom97/scimgateway/scim/attributes.go:430.2,431.20 2 1
github.com/marcelom97/scimgateway/scim/attributes.go:431.20,433.3 1 1
github.com/marcelom97/scimgateway/scim/attributes.go:435.2,438.38 3 1
github.com/marcelom97/scimgateway/scim/attributes.go:442.74,443.21 1 1
github.com/marcelom97/scimgateway/scim/attributes.go:443.21,445.3 1 1
github.com/marcelom97/scimgateway/scim/attributes.go:447.2,449.16 3 1
github.com/marcelom97/scimgateway/scim/attributes.go:449.16,451.3 1 1
github.com/marcelom97/scimgateway/scim/attributes.go:453.2,453.19 1 1
github.com/marcelom97/scimgateway/scim/attributes.go:453.19,455.3 1 0
github.com/marcelom97/scimgateway/scim/attributes.go:457.2,458.37 2 1
github.com/marcelom97/scimgateway/scim/attributes.go:458.37,459.31 1 1
github.com/marcelom97/scimgateway/scim/attributes.go:459.31,461.4 1 1
github.com/marcelom97/scimgateway/scim/attributes.go:464.2,464.22 1 1
github.com/marcelom97/scimgateway/scim/bulk.go:50.88,51.33 1 1
github.com/marcelom97/scimgateway/scim/bulk.go:51.33,54.3 2 0
github.com/marcelom97/scimgateway/scim/bulk.go:56.2,57.65 2 1
github.com/marcelom97/scimgateway/scim/bulk.go:57.65,60.3 2 0
github.com/marcelom97/scimgateway/scim/bulk.go:63.2,64.18 2 1
github.com/marcelom97/scimgateway/scim/bulk.go:64.18,67.3 2 0
github.com/marcelom97/scimgateway/scim/bulk.go:70.2,70.67 1 1
github.com/marcelom97/scimgateway/scim/bulk.go:70.67,73.3 2 0
github.com/marcelom97/scimgateway/scim/bulk.go:76.2,77.9 2 1
github.com/marcelom97/scimgateway/scim/bulk.go:77.9,80.3 2 0
github.com/marcelom97/scimgateway/scim/bulk.go:83.2,91.40 4 1
github.com/marcelom97/scimgateway/scim/bulk.go:91.40,94.45 2 1
github.com/marcelom97/scimgateway/scim/bulk.go:94.45,96.4 1 1
github.com/marcelom97/scimgateway/scim/bulk.go:99.3,99.21 1 1
github.com/marcelom97/scimgateway/scim/bulk.go:99.21,100.80 1 1
github.com/marcelom97/scimgateway/scim/bulk.go:100.80,102.5 1 1
github.com/marcelom97/scimgateway/scim/bulk.go:106.3,110.81 3 1
github.com/marcelom97/scimgateway/scim/bulk.go:110.81,112.70 2 1
github.com/marcelom97/scimgateway/scim/bulk.go:112.70,113.10 1 1
github.com/marcelom97/scimgateway/scim/bulk.go:118.2,118.49 1 1
github.com/marcelom97/scimgateway/scim/bulk.go:122.182,130.20 3 1
github.com/marcelom97/scimgateway/scim/bulk.go:130.20,136.3 3 0
github.com/marcelom97/scimgateway/scim/bulk.go:138.2,140.20 3 1
github.com/marcelom97/scimgateway/scim/bulk.go:140.20,142.3 1 1
github.com/marcelom97/scimgateway/scim/bulk.go:144.2,144.36 1 1
github.com/marcelom97/scimgateway/scim/bulk.go:145.14,146.23 1 1
github.com/marcelom97/scimgateway/scim/bulk.go:147.16,148.67 1 1
github.com/marcelom97/scimgateway/scim/bulk.go:149.17,150.68 1 1
github.com/marcelom97/scimgateway/scim/bulk.go:153.13,154.23 1 0
github.com/marcelom97/scimgateway/scim/bulk.go:155.16,156.56 1 0
github.com/marcelom97/scimgateway/scim/bulk.go:157.17,158.57 1 0
github.com/marcelom97/scimgateway/scim/bulk.go:161.15,162.23 1 1
github.com/marcelom97/scimgateway/scim/bulk.go:163.16,164.55 1 1
github.com/marcelom97/scimgateway/scim/bulk.go:165.17,166.56 1 0
github.com/marcelom97/scimgateway/scim/bulk.go:169.16,170.23 1 1
github.com/marcelom97/scimgateway/scim/bulk.go:171.16,172.56 1 1
github.com/marcelom97/scimgateway/scim/bulk.go:173.17,174.57 1 0
github.com/marcelom97/scimgateway/scim/bulk.go:177.10,181.4 2 0
github.com/marcelom97/scimgateway/scim/bulk.go:184.2,184.13 1 1
github.com/marcelom97/scimgateway/scim/bulk.go:189.163,194.52 4 1
github.com/marcelom97/scimgateway/scim/bulk.go:194.52,198.3 3 0
github.com/marcelom97/scimgateway/scim/bulk.go:200.2,201.16 2 1
github.com/marcelom97/scimgateway/scim/bulk.go:201.16,205.3 3 0
github.com/marcelom97/scimgateway/scim/bulk.go:208.2,208.21 1 1
github.com/marcelom97/scimgateway/scim/bulk.go:208.21,210.3 1 1
github.com/marcelom97/scimgateway/scim/bulk.go:212.2,215.13 4 1
github.com/marcelom97/scimgateway/scim/bulk.go:218.164,223.53 4 1
github.com/marcelom97/scimgateway/scim/bulk.go:223.53,227.3 3 0
github.com/marcelom97/scimgateway/scim/bulk.go:229.2,230.16 2 1
github.com/marcelom97/scimgateway/scim/bulk.go:230.16,234.3 3 0
github.com/marcelom97/scimgateway/scim/bulk.go:236.2,236.21 1 1
github.com/marcelom97/scimgateway/scim/bulk.go:236.21,238.3 1 1
github.com/marcelom97/scimgateway/scim/bulk.go:240.2,243.13 4 1
github.com/marcelom97/scimgateway/scim/bulk.go:246.126,251.52 4 0
github.com/marcelom97/scimgateway/scim/bulk.go:251.52,255.3 3 0
github.com/marcelom97/scimgateway/scim/bulk.go:257.2,262.58 2 0
github.com/marcelom97/scimgateway/scim/bulk.go:262.58,266.3 3 0
github.com/marcelom97/scimgateway/scim/bulk.go:268.2,269.13 2 0
github.com/marcelom97/scimgateway/scim/bulk.go:272.127,277.53 4 0
github.com/marcelom97/scimgateway/scim/bulk.go:277.53,281.3 3 0
github.com/marcelom97/scimgateway/scim/bulk.go:283.2,288.59 2 0
github.com/marcelom97/scimgateway/scim/bulk.go:288.59,292.3 3 0
github.com/marcelom97/scimgateway/scim/bulk.go:294.2,295.13 2 0
github.com/marcelom97/scimgateway/scim/bulk.go:298.125,303.53 4 1
github.com/marcelom97/scimgateway/scim/bulk.go:303.53,307.3 3 0
github.com/marcelom97/scimgateway/scim/bulk.go:309.2,309.59 1 1
github.com/marcelom97/scimgateway/scim/bulk.go:309.59,313.3 3 0
github.com/marcelom97/scimgateway/scim/bulk.go:315.2,316.13 2 1
github.com/marcelom97/scimgateway/scim/bulk.go:319.126,324.53 4 0
github.com/marcelom97/scimgateway/scim/bulk.go:324.53,328.3 3 0
github.com/marcelom97/scimgateway/scim/bulk.go:330.2,330.60 1 0
github.com/marcelom97/scimgateway/scim/bulk.go:330.60,334.3 3 0
github.com/marcelom97/scimgateway/scim/bulk.go:336.2,337.13 2 0
github.com/marcelom97/scimgateway/scim/bulk.go:340.126,343.51 2 1
github.com/marcelom97/scimgateway/scim/bulk.go:343.51,347.3 3 1
github.com/marcelom97/scimgateway/scim/bulk.go:349.2,350.13 2 1
github.com/marcelom97/scimgateway/scim/bulk.go:353.127,356.52 2 0
github.com/marcelom97/scimgateway/scim/bulk.go:356.52,360.3 3 0
github.com/marcelom97/scimgateway/scim/bulk.go:362.2,363.13 2 0
github.com/marcelom97/scimgateway/scim/bulk.go:368.49,371.26 2 1
github.com/marcelom97/scimgateway/scim/bulk.go:372.22,373.27 1 1
github.com/marcelom97/scimgateway/scim/bulk.go:373.27,375.22 1 1
github.com/marcelom97/scimgateway/scim/bulk.go:375.22,376.39 1 1
github.com/marcelom97/scimgateway/scim/bulk.go:376.39,377.65 1 1
github.com/marcelom97/scimgateway/scim/bulk.go:377.65,380.7 2 1
github.com/marcelom97/scimgateway/scim/bulk.go:384.4,384.68 1 1
github.com/marcelom97/scimgateway/scim/bulk.go:386.13,387.26 1 1
github.com/marcelom97/scimgateway/scim/bulk.go:387.26,389.4 1 1
github.com/marcelom97/scimgateway/scim/bulk.go:392.2,392.19 1 1
github.com/marcelom97/scimgateway/scim/bulk.go:397.94,400.32 2 1
github.com/marcelom97/scimgateway/scim/bulk.go:400.32,401.22 1 1
github.com/marcelom97/scimgateway/scim/bulk.go:401.22,402.53 1 1
github.com/marcelom97/scimgateway/scim/bulk.go:402.53,404.5 1 1
github.com/marcelom97/scimgateway/scim/bulk.go:405.4,405.32 1 1
github.com/marcelom97/scimgateway/scim/bulk.go:410.2,411.32 2 1
github.com/marcelom97/scimgateway/scim/bulk.go:411.32,413.37 2 1
github.com/marcelom97/scimgateway/scim/bulk.go:413.37,414.57 1 1
github.com/marcelom97/scimgateway/scim/bulk.go:414.57,416.5 1 1
github.com/marcelom97/scimgateway/scim/bulk.go:421.2,421.34 1 1
github.com/marcelom97/scimgateway/scim/bulk.go:426.67,435.24 4 1
github.com/marcelom97/scimgateway/scim/bulk.go:435.24,437.3 1 1
github.com/marcelom97/scimgateway/scim/bulk.go:439.2,440.37 2 1
github.com/marcelom97/scimgateway/scim/bulk.go:440.37,443.40 2 1
github.com/marcelom97/scimgateway/scim/bulk.go:443.40,444.31 1 1
github.com/marcelom97/scimgateway/scim/bulk.go:444.31,448.46 3 1
github.com/marcelom97/scimgateway/scim/bulk.go:448.46,451.6 2 1
github.com/marcelom97/scimgateway/scim/bulk.go:452.5,453.23 2 1
github.com/marcelom97/scimgateway/scim/bulk.go:456.4,456.32 1 1
github.com/marcelom97/scimgateway/scim/bulk.go:456.32,458.45 2 1
github.com/marcelom97/scimgateway/scim/bulk.go:458.45,460.6 1 1
github.com/marcelom97/scimgateway/scim/bulk.go:464.3,465.20 2 1
github.com/marcelom97/scimgateway/scim/bulk.go:469.2,469.26 1 1
github.com/marcelom97/scimgateway/scim/bulk.go:469.26,470.24 1 1
github.com/marcelom97/scimgateway/scim/bulk.go:470.24,471.37 1 1
github.com/marcelom97/scimgateway/scim/bulk.go:471.37,473.5 1 1
github.com/marcelom97/scimgateway/scim/bulk.go:477.2,477.19 1 1
github.com/marcelom97/scimgateway/scim/bulk.go:482.63,483.26 1 1
github.com/marcelom97/scimgateway/scim/bulk.go:483.26,485.3 1 0
github.com/marcelom97/scimgateway/scim/bulk.go:488.2,489.16 2 1
github.com/marcelom97/scimgateway/scim/bulk.go:489.16,491.3 1 1
github.com/marcelom97/scimgateway/scim/bulk.go:494.2,495.14 2 1
github.com/marcelom97/scimgateway/scim/bulk.go:495.14,498.29 2 1
github.com/marcelom97/scimgateway/scim/bulk.go:498.29,500.47 1 1
github.com/marcelom97/scimgateway/scim/bulk.go:500.47,501.23 1 1
github.com/marcelom97/scimgateway/scim/bulk.go:501.23,503.11 2 1
github.com/marcelom97/scimgateway/scim/bulk.go:507.3,507.95 1 1
github.com/marcelom97/scimgateway/scim/bulk.go:510.2,510.12 1 1
github.com/marcelom97/scimgateway/scim/bulk.go:515.73,516.26 1 1
github.com/marcelom97/scimgateway/scim/bulk.go:517.22,519.27 2 1
github.com/marcelom97/scimgateway/scim/bulk.go:519.27,521.22 1 1
github.com/marcelom97/scimgateway/scim/bulk.go:521.22,522.39 1 1
github.com/marcelom97/scimgateway/scim/bulk.go:522.39,523.69 1 1
github.com/marcelom97/scimgateway/scim/bulk.go:523.69,525.57 1 1
github.com/marcelom97/scimgateway/scim/bulk.go:525.57,527.16 2 1
github.com/marcelom97/scimgateway/scim/bulk.go:533.4,533.57 1 1
github.com/marcelom97/scimgateway/scim/bulk.go:535.3,535.16 1 1
github.com/marcelom97/scimgateway/scim/bulk.go:536.13,538.26 2 1
github.com/marcelom97/scimgateway/scim/bulk.go:538.26,540.4 1 1
github.com/marcelom97/scimgateway/scim/bulk.go:541.3,541.16 1 1
github.com/marcelom97/scimgateway/scim/bulk.go:542.10,543.11 1 1
github.com/marcelom97/scimgateway/scim/discovery.go:86.90,87.27 1 1
github.com/marcelom97/scimgateway/scim/discovery.go:87.27,104.3 1 1
github.com/marcelom97/scimgateway/scim/discovery.go:106.2,131.3 1 1
github.com/marcelom97/scimgateway/scim/discovery.go:135.40,199.2 1 1
github.com/marcelom97/scimgateway/scim/discovery.go:202.41,233.2 1 1
github.com/marcelom97/scimgateway/scim/discovery.go:236.50,261.2 1 1
github.com/marcelom97/scimgateway/scim/errors.go:30.36,32.2 1 1
github.com/marcelom97/scimgateway/scim/errors.go:35.67,41.2 1 1
github.com/marcelom97/scimgateway/scim/errors.go:45.52,47.3 1 1
github.com/marcelom97/scimgateway/scim/errors.go:49.50,51.3 1 0
github.com/marcelom97/scimgateway/scim/errors.go:53.52,55.3 1 0
github.com/marcelom97/scimgateway/scim/errors.go:57.51,59.3 1 1
github.com/marcelom97/scimgateway/scim/errors.go:61.53,63.3 1 0
github.com/marcelom97/scimgateway/scim/errors.go:65.49,67.3 1 0
github.com/marcelom97/scimgateway/scim/errors.go:69.47,71.3 1 1
github.com/marcelom97/scimgateway/scim/errors.go:73.48,75.3 1 0
github.com/marcelom97/scimgateway/scim/errors.go:77.46,79.3 1 0
github.com/marcelom97/scimgateway/scim/errors.go:81.49,83.3 1 0
github.com/marcelom97/scimgateway/scim/errors.go:85.57,87.3 1 0
github.com/marcelom97/scimgateway/scim/errors.go:89.38,91.3 1 0
github.com/marcelom97/scimgateway/scim/errors.go:93.35,95.3 1 0
github.com/marcelom97/scimgateway/scim/errors.go:97.55,99.3 1 0
github.com/marcelom97/scimgateway/scim/errors.go:101.47,103.3 1 0
github.com/marcelom97/scimgateway/scim/errors.go:105.53,107.3 1 0
github.com/marcelom97/scimgateway/scim/errors.go:109.54,111.3 1 0
github.com/marcelom97/scimgateway/scim/errors.go:115.73,117.2 1 1
github.com/marcelom97/scimgateway/scim/etag.go:15.40,17.2 1 1
github.com/marcelom97/scimgateway/scim/etag.go:20.64,26.16 2 1
github.com/marcelom97/scimgateway/scim/etag.go:26.16,28.3 1 0
github.com/marcelom97/scimgateway/scim/etag.go:31.2,32.59 2 1
github.com/marcelom97/scimgateway/scim/etag.go:32.59,34.3 1 0
github.com/marcelom97/scimgateway/scim/etag.go:37.2,37.58 1 1
github.com/marcelom97/scimgateway/scim/etag.go:37.58,39.3 1 0
github.com/marcelom97/scimgateway/scim/etag.go:42.2,43.16 2 1
github.com/marcelom97/scimgateway/scim/etag.go:43.16,45.3 1 0
github.com/marcelom97/scimgateway/scim/etag.go:47.2,49.18 3 1
github.com/marcelom97/scimgateway/scim/etag.go:53.94,56.19 2 1
github.com/marcelom97/scimgateway/scim/etag.go:56.19,57.43 1 1
github.com/marcelom97/scimgateway/scim/etag.go:57.43,59.4 1 1
github.com/marcelom97/scimgateway/scim/etag.go:63.2,64.23 2 1
github.com/marcelom97/scimgateway/scim/etag.go:64.23,65.46 1 1
github.com/marcelom97/scimgateway/scim/etag.go:65.46,66.65 1 1
github.com/marcelom97/scimgateway/scim/etag.go:66.65,68.5 1 1
github.com/marcelom97/scimgateway/scim/etag.go:69.4,69.92 1 1
github.com/marcelom97/scimgateway/scim/etag.go:73.2,73.27 1 1
github.com/marcelom97/scimgateway/scim/etag.go:77.75,79.43 1 1
github.com/marcelom97/scimgateway/scim/etag.go:79.43,81.3 1 1
github.com/marcelom97/scimgateway/scim/etag.go:84.2,85.24 2 1
github.com/marcelom97/scimgateway/scim/etag.go:85.24,87.25 2 1
github.com/marcelom97/scimgateway/scim/etag.go:87.25,89.4 1 1
github.com/marcelom97/scimgateway/scim/etag.go:92.2,92.14 1 1
github.com/marcelom97/scimgateway/scim/etag.go:96.69,97.16 1 1
github.com/marcelom97/scimgateway/scim/etag.go:97.16,99.3 1 1
github.com/marcelom97/scimgateway/scim/etag.go:103.53,104.17 1 1
github.com/marcelom97/scimgateway/scim/etag.go:104.17,113.3 4 1
github.com/marcelom97/scimgateway/scim/filter.go:43.51,48.2 1 1
github.com/marcelom97/scimgateway/scim/filter.go:51.48,52.19 1 1
github.com/marcelom97/scimgateway/scim/filter.go:52.19,54.3 1 0
github.com/marcelom97/scimgateway/scim/filter.go:55.2,55.27 1 1
github.com/marcelom97/scimgateway/scim/filter.go:59.57,61.16 2 1
github.com/marcelom97/scimgateway/scim/filter.go:61.16,63.3 1 1
github.com/marcelom97/scimgateway/scim/filter.go:65.2,65.6 1 1
github.com/marcelom97/scimgateway/scim/filter.go:65.6,67.28 2 1
github.com/marcelom97/scimgateway/scim/filter.go:67.28,68.9 1 1
github.com/marcelom97/scimgateway/scim/filter.go:70.3,74.17 4 1
github.com/marcelom97/scimgateway/scim/filter.go:74.17,76.4 1 0
github.com/marcelom97/scimgateway/scim/filter.go:78.3,82.4 1 1
github.com/marcelom97/scimgateway/scim/filter.go:85.2,85.18 1 1
github.com/marcelom97/scimgateway/scim/filter.go:89.58,91.16 2 1
github.com/marcelom97/scimgateway/scim/filter.go:91.16,93.3 1 1
github.com/marcelom97/scimgateway/scim/filter.go:95.2,95.6 1 1
github.com/marcelom97/scimgateway/scim/filter.go:95.6,97.29 2 1
github.com/marcelom97/scimgateway/scim/filter.go:97.29,98.9 1 1
github.com/marcelom97/scimgateway/scim/filter.go:100.3,104.17 4 1
github.com/marcelom97/scimgateway/scim/filter.go:104.17,106.4 1 0
github.com/marcelom97/scimgateway/scim/filter.go:108.3,112.4 1 1
github.com/marcelom97/scimgateway/scim/filter.go:115.2,115.18 1 1
github.com/marcelom97/scimgateway/scim/filter.go:119.51,121.27 2 1
github.com/marcelom97/scimgateway/scim/filter.go:121.27,126.17 4 1
github.com/marcelom97/scimgateway/scim/filter.go:126.17,128.4 1 0
github.com/marcelom97/scimgateway/scim/filter.go:130.3,133.9 1 1
github.com/marcelom97/scimgateway/scim/filter.go:136.2,136.25 1 1
github.com/marcelom97/scimgateway/scim/filter.go:140.55,144.21 2 1
github.com/marcelom97/scimgateway/scim/filter.go:144.21,147.17 3 1
github.com/marcelom97/scimgateway/scim/filter.go:147.17,149.4 1 0
github.com/marcelom97/scimgateway/scim/filter.go:150.3,151.22 2 1
github.com/marcelom97/scimgateway/scim/filter.go:151.22,153.4 1 0
github.com/marcelom97/scimgateway/scim/filter.go:154.3,155.47 2 1
github.com/marcelom97/scimgateway/scim/filter.go:159.2,159.37 1 1
github.com/marcelom97/scimgateway/scim/filter.go:163.67,168.20 3 1
github.com/marcelom97/scimgateway/scim/filter.go:168.20,170.3 1 0
github.com/marcelom97/scimgateway/scim/filter.go:172.2,176.14 3 1
github.com/marcelom97/scimgateway/scim/filter.go:176.14,178.3 1 1
github.com/marcelom97/scimgateway/scim/filter.go:180.2,184.16 3 1
github.com/marcelom97/scimgateway/scim/filter.go:184.16,188.17 3 1
github.com/marcelom97/scimgateway/scim/filter.go:188.17,190.4 1 0
github.com/marcelom97/scimgateway/scim/filter.go:193.2,197.8 1 1
github.com/marcelom97/scimgateway/scim/filter.go:201.52,203.27 2 1
github.com/marcelom97/scimgateway/scim/filter.go:203.27,205.91 2 1
github.com/marcelom97/scimgateway/scim/filter.go:205.91,206.9 1 0
github.com/marcelom97/scimgateway/scim/filter.go:209.3,209.33 1 1
github.com/marcelom97/scimgateway/scim/filter.go:209.33,212.35 2 1
github.com/marcelom97/scimgateway/scim/filter.go:212.35,213.23 1 1
github.com/marcelom97/scimgateway/scim/filter.go:214.14,215.22 1 1
github.com/marcelom97/scimgateway/scim/filter.go:216.14,217.23 1 1
github.com/marcelom97/scimgateway/scim/filter.go:220.4,220.18 1 1
github.com/marcelom97/scimgateway/scim/filter.go:220.18,221.10 1 1
github.com/marcelom97/scimgateway/scim/filter.go:224.3,224.10 1 1
github.com/marcelom97/scimgateway/scim/filter.go:226.2,226.48 1 1
github.com/marcelom97/scimgateway/scim/filter.go:230.47,234.31 3 1
github.com/marcelom97/scimgateway/scim/filter.go:234.31,235.25 1 1
github.com/marcelom97/scimgateway/scim/filter.go:235.25,238.4 2 1
github.com/marcelom97/scimgateway/scim/filter.go:241.2,241.11 1 1
github.com/marcelom97/scimgateway/scim/filter.go:245.50,248.27 2 1
github.com/marcelom97/scimgateway/scim/filter.go:248.27,250.3 1 0
github.com/marcelom97/scimgateway/scim/filter.go:253.2,253.21 1 1
github.com/marcelom97/scimgateway/scim/filter.go:253.21,256.53 3 1
github.com/marcelom97/scimgateway/scim/filter.go:256.53,258.4 1 1
github.com/marcelom97/scimgateway/scim/filter.go:259.3,259.28 1 1
github.com/marcelom97/scimgateway/scim/filter.go:259.28,261.4 1 0
github.com/marcelom97/scimgateway/scim/filter.go:262.3,264.20 3 1
github.com/marcelom97/scimgateway/scim/filter.go:268.2,268.28 1 1
github.com/marcelom97/scimgateway/scim/filter.go:268.28,271.3 2 1
github.com/marcelom97/scimgateway/scim/filter.go:272.2,272.29 1 1
github.com/marcelom97/scimgateway/scim/filter.go:272.29,275.3 2 1
github.com/marcelom97/scimgateway/scim/filter.go:276.2,276.28 1 1
github.com/marcelom97/scimgateway/scim/filter.go:276.28,279.3 2 0
github.com/marcelom97/scimgateway/scim/filter.go:282.2,283.106 2 1
github.com/marcelom97/scimgateway/scim/filter.go:283.106,285.3 1 1
github.com/marcelom97/scimgateway/scim/filter.go:286.2,286.19 1 1
github.com/marcelom97/scimgateway/scim/filter.go:286.19,288.36 2 1
github.com/marcelom97/scimgateway/scim/filter.go:288.36,290.4 1 0
github.com/marcelom97/scimgateway/scim/filter.go:291.3,291.42 1 1
github.com/marcelom97/scimgateway/scim/filter.go:294.2,294.63 1 0
github.com/marcelom97/scimgateway/scim/filter.go:298.59,301.21 2 1
github.com/marcelom97/scimgateway/scim/filter.go:302.12,303.39 1 1
github.com/marcelom97/scimgateway/scim/filter.go:304.12,305.40 1 1
github.com/marcelom97/scimgateway/scim/filter.go:306.12,307.35 1 1
github.com/marcelom97/scimgateway/scim/filter.go:308.12,309.37 1 1
github.com/marcelom97/scimgateway/scim/filter.go:310.12,311.35 1 1
github.com/marcelom97/scimgateway/scim/filter.go:312.12,313.45 1 1
github.com/marcelom97/scimgateway/scim/filter.go:314.12,315.41 1 0
github.com/marcelom97/scimgateway/scim/filter.go:316.12,317.48 1 0
github.com/marcelom97/scimgateway/scim/filter.go:318.12,319.38 1 0
github.com/marcelom97/scimgateway/scim/filter.go:320.12,321.45 1 0
github.com/marcelom97/scimgateway/scim/filter.go:324.2,324.14 1 0
github.com/marcelom97/scimgateway/scim/filter.go:328.57,329.21 1 1
github.com/marcelom97/scimgateway/scim/filter.go:330.13,331.65 1 1
github.com/marcelom97/scimgateway/scim/filter.go:332.12,333.65 1 1
github.com/marcelom97/scimgateway/scim/filter.go:334.13,335.36 1 1
github.com/marcelom97/scimgateway/scim/filter.go:337.2,337.14 1 0
github.com/marcelom97/scimgateway/scim/filter.go:341.55,343.2 1 1
github.com/marcelom97/scimgateway/scim/filter.go:347.36,348.27 1 1
github.com/marcelom97/scimgateway/scim/filter.go:348.27,350.3 1 0
github.com/marcelom97/scimgateway/scim/filter.go:351.2,351.23 1 1
github.com/marcelom97/scimgateway/scim/filter.go:354.41,355.106 1 1
github.com/marcelom97/scimgateway/scim/filter.go:355.106,357.3 1 1
github.com/marcelom97/scimgateway/scim/filter.go:360.58,361.39 1 1
github.com/marcelom97/scimgateway/scim/filter.go:361.39,363.3 1 1
github.com/marcelom97/scimgateway/scim/filter.go:364.2,365.12 2 1
github.com/marcelom97/scimgateway/scim/filter.go:365.12,367.3 1 1
github.com/marcelom97/scimgateway/scim/filter.go:369.2,369.39 1 1
github.com/marcelom97/scimgateway/scim/filter.go:369.39,371.31 2 1
github.com/marcelom97/scimgateway/scim/filter.go:371.31,373.4 1 0
github.com/marcelom97/scimgateway/scim/filter.go:375.2,375.13 1 1
github.com/marcelom97/scimgateway/scim/filter.go:378.35,380.2 1 1
github.com/marcelom97/scimgateway/scim/filter.go:382.28,384.2 1 1
github.com/marcelom97/scimgateway/scim/filter.go:387.55,388.21 1 1
github.com/marcelom97/scimgateway/scim/filter.go:388.21,390.3 1 0
github.com/marcelom97/scimgateway/scim/filter.go:393.2,393.33 1 1
github.com/marcelom97/scimgateway/scim/filter.go:393.33,395.3 1 1
github.com/marcelom97/scimgateway/scim/filter.go:399.2,399.33 1 1
github.com/marcelom97/scimgateway/scim/filter.go:399.33,401.3 1 1
github.com/marcelom97/scimgateway/scim/filter.go:404.2,405.29 2 1
github.com/marcelom97/scimgateway/scim/filter.go:405.29,407.3 1 1
github.com/marcelom97/scimgateway/scim/filter.go:409.2,409.32 1 1
github.com/marcelom97/scimgateway/scim/filter.go:409.32,411.22 2 1
github.com/marcelom97/scimgateway/scim/filter.go:411.22,413.4 1 1
github.com/marcelom97/scimgateway/scim/filter.go:417.2,417.52 1 1
github.com/marcelom97/scimgateway/scim/filter.go:422.65,425.16 2 1
github.com/marcelom97/scimgateway/scim/filter.go:425.16,427.3 1 0
github.com/marcelom97/scimgateway/scim/filter.go:430.2,431.59 2 1
github.com/marcelom97/scimgateway/scim/filter.go:431.59,433.3 1 0
github.com/marcelom97/scimgateway/scim/filter.go:436.2,439.29 3 1
github.com/marcelom97/scimgateway/scim/filter.go:439.29,440.21 1 1
github.com/marcelom97/scimgateway/scim/filter.go:440.21,442.4 1 0
github.com/marcelom97/scimgateway/scim/filter.go:445.3,446.10 2 1
github.com/marcelom97/scimgateway/scim/filter.go:446.10,448.4 1 0
github.com/marcelom97/scimgateway/scim/filter.go:451.3,452.38 2 1
github.com/marcelom97/scimgateway/scim/filter.go:452.38,453.36 1 1
github.com/marcelom97/scimgateway/scim/filter.go:453.36,456.10 3 1
github.com/marcelom97/scimgateway/scim/filter.go:460.3,460.13 1 1
github.com/marcelom97/scimgateway/scim/filter.go:460.13,462.4 1 1
github.com/marcelom97/scimgateway/scim/filter.go:465.2,465.16 1 1
github.com/marcelom97/scimgateway/scim/filter.go:469.62,474.23 3 1
github.com/marcelom97/scimgateway/scim/filter.go:474.23,476.3 1 0
github.com/marcelom97/scimgateway/scim/filter.go:478.2,484.23 5 1
github.com/marcelom97/scimgateway/scim/filter.go:484.23,486.3 1 0
github.com/marcelom97/scimgateway/scim/filter.go:488.2,489.60 2 1
github.com/marcelom97/scimgateway/scim/filter.go:489.60,491.3 1 0
github.com/marcelom97/scimgateway/scim/filter.go:494.2,496.16 3 1
github.com/marcelom97/scimgateway/scim/filter.go:496.16,498.3 1 0
github.com/marcelom97/scimgateway/scim/filter.go:501.2,501.31 1 1
github.com/marcelom97/scimgateway/scim/filter.go:501.31,503.27 2 1
github.com/marcelom97/scimgateway/scim/filter.go:503.27,504.27 1 1
github.com/marcelom97/scimgateway/scim/filter.go:504.27,506.5 1 1
github.com/marcelom97/scimgateway/scim/filter.go:507.4,507.15 1 0
github.com/marcelom97/scimgateway/scim/filter.go:511.2,511.12 1 1
github.com/marcelom97/scimgateway/scim/filter.go:515.60,517.36 2 1
github.com/marcelom97/scimgateway/scim/filter.go:517.36,520.42 2 1
github.com/marcelom97/scimgateway/scim/filter.go:520.42,522.4 1 1
github.com/marcelom97/scimgateway/scim/filter.go:524.3,525.20 2 1
github.com/marcelom97/scimgateway/scim/filter.go:525.20,527.41 2 1
github.com/marcelom97/scimgateway/scim/filter.go:527.41,529.5 1 1
github.com/marcelom97/scimgateway/scim/filter.go:532.2,532.24 1 1
github.com/marcelom97/scimgateway/scim/filter.go:537.34,538.26 1 1
github.com/marcelom97/scimgateway/scim/filter.go:538.26,540.3 1 1
github.com/marcelom97/scimgateway/scim/filter.go:543.2,546.49 3 1
github.com/marcelom97/scimgateway/scim/filter.go:546.49,548.3 1 1
github.com/marcelom97/scimgateway/scim/filter.go:549.2,549.49 1 1
github.com/marcelom97/scimgateway/scim/filter.go:549.49,551.3 1 0
github.com/marcelom97/scimgateway/scim/filter.go:557.2,559.22 3 1
github.com/marcelom97/scimgateway/scim/filter.go:559.22,561.3 1 1
github.com/marcelom97/scimgateway/scim/filter.go:565.2,569.54 3 1
github.com/marcelom97/scimgateway/scim/filter.go:569.54,571.3 1 1
github.com/marcelom97/scimgateway/scim/filter.go:575.2,575.43 1 1
github.com/marcelom97/scimgateway/scim/filter.go:575.43,578.3 2 1
github.com/marcelom97/scimgateway/scim/filter.go:579.2,579.43 1 1
github.com/marcelom97/scimgateway/scim/filter.go:579.43,582.3 2 0
github.com/marcelom97/scimgateway/scim/filter.go:584.2,584.32 1 1
github.com/marcelom97/scimgateway/scim/filter.go:588.30,590.9 2 1
github.com/marcelom97/scimgateway/scim/filter.go:590.9,592.3 1 0
github.com/marcelom97/scimgateway/scim/filter.go:593.2,594.9 2 1
github.com/marcelom97/scimgateway/scim/filter.go:594.9,596.3 1 0
github.com/marcelom97/scimgateway/scim/filter.go:597.2,597.71 1 1
github.com/marcelom97/scimgateway/scim/filter.go:601.32,603.9 2 1
github.com/marcelom97/scimgateway/scim/filter.go:603.9,605.3 1 0
github.com/marcelom97/scimgateway/scim/filter.go:606.2,607.9 2 1
github.com/marcelom97/scimgateway/scim/filter.go:607.9,609.3 1 0
github.com/marcelom97/scimgateway/scim/filter.go:610.2,610.72 1 1
github.com/marcelom97/scimgateway/scim/filter.go:614.30,616.9 2 1
github.com/marcelom97/scimgateway/scim/filter.go:616.9,618.3 1 0
github.com/marcelom97/scimgateway/scim/filter.go:619.2,620.9 2 1
github.com/marcelom97/scimgateway/scim/filter.go:620.9,622.3 1 0
github.com/marcelom97/scimgateway/scim/filter.go:623.2,623.72 1 1
github.com/marcelom97/scimgateway/scim/filter.go:626.36,627.54 1 0
github.com/marcelom97/scimgateway/scim/filter.go:627.54,627.70 1 0
github.com/marcelom97/scimgateway/scim/filter.go:630.43,631.54 1 0
github.com/marcelom97/scimgateway/scim/filter.go:631.54,631.71 1 0
github.com/marcelom97/scimgateway/scim/filter.go:634.33,635.54 1 0
github.com/marcelom97/scimgateway/scim/filter.go:635.54,635.70 1 0
github.com/marcelom97/scimgateway/scim/filter.go:638.40,639.54 1 0
github.com/marcelom97/scimgateway/scim/filter.go:639.54,639.71 1 0
github.com/marcelom97/scimgateway/scim/filter.go:642.68,645.32 3 0
github.com/marcelom97/scimgateway/scim/filter.go:645.32,647.3 1 0
github.com/marcelom97/scimgateway/scim/filter.go:648.2,648.25 1 0
github.com/marcelom97/scimgateway/scim/filter.go:651.32,653.25 2 1
github.com/marcelom97/scimgateway/scim/filter.go:654.15,655.15 1 0
github.com/marcelom97/scimgateway/scim/filter.go:656.15,657.24 1 0
github.com/marcelom97/scimgateway/scim/filter.go:658.11,659.24 1 0
github.com/marcelom97/scimgateway/scim/filter.go:660.13,661.24 1 0
github.com/marcelom97/scimgateway/scim/filter.go:662.13,663.24 1 0
github.com/marcelom97/scimgateway/scim/filter.go:664.10,665.13 1 1
github.com/marcelom97/scimgateway/scim/filter.go:667.2,667.16 1 0
github.com/marcelom97/scimgateway/scim/filter.go:670.30,671.14 1 1
github.com/marcelom97/scimgateway/scim/filter.go:671.14,673.3 1 0
github.com/marcelom97/scimgateway/scim/filter.go:674.2,675.21 2 1
github.com/marcelom97/scimgateway/scim/handler.go:25.42,29.2 1 1
github.com/marcelom97/scimgateway/scim/handler.go:32.97,44.2 4 1
github.com/marcelom97/scimgateway/scim/handler.go:47.74,51.2 3 1
github.com/marcelom97/scimgateway/scim/handler.go:55.74,62.57 2 1
github.com/marcelom97/scimgateway/scim/handler.go:62.57,64.3 1 0
github.com/marcelom97/scimgateway/scim/handler.go:67.2,68.59 2 1
github.com/marcelom97/scimgateway/scim/handler.go:68.59,70.36 2 0
github.com/marcelom97/scimgateway/scim/handler.go:70.36,72.4 1 0
github.com/marcelom97/scimgateway/scim/handler.go:73.3,73.23 1 0
github.com/marcelom97/scimgateway/scim/handler.go:77.2,78.81 2 1
github.com/marcelom97/scimgateway/scim/handler.go:78.81,80.38 2 0
github.com/marcelom97/scimgateway/scim/handler.go:80.38,82.4 1 0
github.com/marcelom97/scimgateway/scim/handler.go:83.3,83.21 1 0
github.com/marcelom97/scimgateway/scim/handler.go:87.2,87.34 1 1
github.com/marcelom97/scimgateway/scim/handler.go:87.34,89.3 1 0
github.com/marcelom97/scimgateway/scim/handler.go:91.2,91.69 1 1
github.com/marcelom97/scimgateway/scim/handler.go:91.69,92.66 1 0
github.com/marcelom97/scimgateway/scim/handler.go:92.66,94.4 1 0
github.com/marcelom97/scimgateway/scim/handler.go:97.2,97.54 1 1
github.com/marcelom97/scimgateway/scim/handler.go:97.54,98.57 1 0
github.com/marcelom97/scimgateway/scim/handler.go:98.57,100.4 1 0
github.com/marcelom97/scimgateway/scim/handler.go:103.2,103.57 1 1
github.com/marcelom97/scimgateway/scim/handler.go:103.57,105.3 1 0
github.com/marcelom97/scimgateway/scim/handler.go:107.2,107.66 1 1
github.com/marcelom97/scimgateway/scim/handler.go:107.66,109.3 1 0
github.com/marcelom97/scimgateway/scim/handler.go:111.2,111.20 1 1
github.com/marcelom97/scimgateway/scim/handler.go:115.83,117.2 1 1
github.com/marcelom97/scimgateway/scim/handler.go:121.96,124.20 2 0
github.com/marcelom97/scimgateway/scim/handler.go:124.20,126.3 1 0
github.com/marcelom97/scimgateway/scim/handler.go:128.2,131.21 3 0
github.com/marcelom97/scimgateway/scim/handler.go:131.21,133.3 1 0
github.com/marcelom97/scimgateway/scim/handler.go:135.2,135.38 1 0
github.com/marcelom97/scimgateway/scim/patch.go:14.42,16.2 1 1
github.com/marcelom97/scimgateway/scim/patch.go:19.74,20.38 1 1
github.com/marcelom97/scimgateway/scim/patch.go:20.38,21.57 1 1
github.com/marcelom97/scimgateway/scim/patch.go:21.57,23.4 1 0
github.com/marcelom97/scimgateway/scim/patch.go:25.2,25.12 1 1
github.com/marcelom97/scimgateway/scim/patch.go:29.81,30.32 1 1
github.com/marcelom97/scimgateway/scim/patch.go:31.13,32.35 1 1
github.com/marcelom97/scimgateway/scim/patch.go:33.16,34.38 1 1
github.com/marcelom97/scimgateway/scim/patch.go:35.17,36.39 1 1
github.com/marcelom97/scimgateway/scim/patch.go:37.10,38.70 1 0
github.com/marcelom97/scimgateway/scim/patch.go:43.75,44.19 1 1
github.com/marcelom97/scimgateway/scim/patch.go:44.19,47.3 1 0
github.com/marcelom97/scimgateway/scim/patch.go:50.2,51.47 2 1
github.com/marcelom97/scimgateway/scim/patch.go:55.78,56.19 1 1
github.com/marcelom97/scimgateway/scim/patch.go:56.19,58.3 1 0
github.com/marcelom97/scimgateway/scim/patch.go:60.2,61.42 2 1
github.com/marcelom97/scimgateway/scim/patch.go:65.79,66.19 1 1
github.com/marcelom97/scimgateway/scim/patch.go:66.19,69.3 1 1
github.com/marcelom97/scimgateway/scim/patch.go:71.2,72.51 2 1
github.com/marcelom97/scimgateway/scim/patch.go:76.68,78.29 2 1
github.com/marcelom97/scimgateway/scim/patch.go:78.29,80.3 1 1
github.com/marcelom97/scimgateway/scim/patch.go:82.2,82.32 1 1
github.com/marcelom97/scimgateway/scim/patch.go:82.32,84.3 1 0
github.com/marcelom97/scimgateway/scim/patch.go:87.2,88.16 2 1
github.com/marcelom97/scimgateway/scim/patch.go:88.16,90.3 1 0
github.com/marcelom97/scimgateway/scim/patch.go:92.2,93.61 2 1
github.com/marcelom97/scimgateway/scim/patch.go:93.61,95.3 1 0
github.com/marcelom97/scimgateway/scim/patch.go:98.2,98.33 1 1
github.com/marcelom97/scimgateway/scim/patch.go:98.33,100.42 2 1
github.com/marcelom97/scimgateway/scim/patch.go:100.42,101.12 1 0
github.com/marcelom97/scimgateway/scim/patch.go:104.3,104.49 1 1
github.com/marcelom97/scimgateway/scim/patch.go:104.49,106.4 1 0
github.com/marcelom97/scimgateway/scim/patch.go:109.2,109.12 1 1
github.com/marcelom97/scimgateway/scim/patch.go:113.70,115.2 1 1
github.com/marcelom97/scimgateway/scim/patch.go:118.80,120.29 2 1
github.com/marcelom97/scimgateway/scim/patch.go:120.29,122.3 1 1
github.com/marcelom97/scimgateway/scim/patch.go:125.2,128.40 3 1
github.com/marcelom97/scimgateway/scim/patch.go:128.40,129.32 1 1
github.com/marcelom97/scimgateway/scim/patch.go:129.32,133.66 1 1
github.com/marcelom97/scimgateway/scim/patch.go:133.66,135.28 1 1
github.com/marcelom97/scimgateway/scim/patch.go:135.28,137.6 1 0
github.com/marcelom97/scimgateway/scim/patch.go:139.5,140.19 2 1
github.com/marcelom97/scimgateway/scim/patch.go:140.19,142.6 1 0
github.com/marcelom97/scimgateway/scim/patch.go:143.5,144.59 2 1
github.com/marcelom97/scimgateway/scim/patch.go:144.59,146.6 1 0
github.com/marcelom97/scimgateway/scim/patch.go:147.5,148.15 2 1
github.com/marcelom97/scimgateway/scim/patch.go:152.4,153.24 2 1
github.com/marcelom97/scimgateway/scim/patch.go:153.24,155.5 1 0
github.com/marcelom97/scimgateway/scim/patch.go:157.4,157.70 1 1
github.com/marcelom97/scimgateway/scim/patch.go:157.70,160.5 1 1
github.com/marcelom97/scimgateway/scim/patch.go:162.4,162.23 1 1
github.com/marcelom97/scimgateway/scim/patch.go:162.23,164.5 1 0
github.com/marcelom97/scimgateway/scim/patch.go:166.4,166.36 1 1
github.com/marcelom97/scimgateway/scim/patch.go:170.3,171.23 2 1
github.com/marcelom97/scimgateway/scim/patch.go:171.23,173.4 1 0
github.com/marcelom97/scimgateway/scim/patch.go:176.3,176.96 1 1
github.com/marcelom97/scimgateway/scim/patch.go:176.96,180.37 3 1
github.com/marcelom97/scimgateway/scim/patch.go:180.37,182.49 2 1
github.com/marcelom97/scimgateway/scim/patch.go:182.49,185.11 3 1
github.com/marcelom97/scimgateway/scim/patch.go:189.4,189.19 1 1
github.com/marcelom97/scimgateway/scim/patch.go:189.19,194.19 3 1
github.com/marcelom97/scimgateway/scim/patch.go:194.19,196.6 1 0
github.com/marcelom97/scimgateway/scim/patch.go:199.5,202.47 2 1
github.com/marcelom97/scimgateway/scim/patch.go:206.4,206.41 1 1
github.com/marcelom97/scimgateway/scim/patch.go:206.41,208.5 1 0
github.com/marcelom97/scimgateway/scim/patch.go:208.10,210.5 1 1
github.com/marcelom97/scimgateway/scim/patch.go:211.4,211.33 1 1
github.com/marcelom97/scimgateway/scim/patch.go:212.9,212.41 1 1
github.com/marcelom97/scimgateway/scim/patch.go:212.41,216.4 1 1
github.com/marcelom97/scimgateway/scim/patch.go:216.9,216.41 1 0
github.com/marcelom97/scimgateway/scim/patch.go:216.41,217.21 1 0
github.com/marcelom97/scimgateway/scim/patch.go:217.21,220.5 1 0
github.com/marcelom97/scimgateway/scim/patch.go:221.4,222.33 2 0
github.com/marcelom97/scimgateway/scim/patch.go:223.9,226.4 2 0
github.com/marcelom97/scimgateway/scim/patch.go:229.2,229.12 1 0
github.com/marcelom97/scimgateway/scim/patch.go:234.126,239.46 2 1
github.com/marcelom97/scimgateway/scim/patch.go:239.46,242.40 2 1
github.com/marcelom97/scimgateway/scim/patch.go:242.40,244.59 1 1
github.com/marcelom97/scimgateway/scim/patch.go:244.59,246.5 1 1
github.com/marcelom97/scimgateway/scim/patch.go:250.2,250.21 1 0
github.com/marcelom97/scimgateway/scim/patch.go:254.74,256.29 2 1
github.com/marcelom97/scimgateway/scim/patch.go:256.29,258.3 1 1
github.com/marcelom97/scimgateway/scim/patch.go:260.2,263.40 3 1
github.com/marcelom97/scimgateway/scim/patch.go:263.40,264.32 1 1
github.com/marcelom97/scimgateway/scim/patch.go:264.32,268.66 1 1
github.com/marcelom97/scimgateway/scim/patch.go:268.66,272.5 2 1
github.com/marcelom97/scimgateway/scim/patch.go:275.4,276.24 2 1
github.com/marcelom97/scimgateway/scim/patch.go:276.24,278.5 1 0
github.com/marcelom97/scimgateway/scim/patch.go:280.4,280.29 1 1
github.com/marcelom97/scimgateway/scim/patch.go:280.29,282.71 1 1
github.com/marcelom97/scimgateway/scim/patch.go:282.71,284.6 1 1
github.com/marcelom97/scimgateway/scim/patch.go:287.4,287.23 1 1
github.com/marcelom97/scimgateway/scim/patch.go:287.23,289.5 1 0
github.com/marcelom97/scimgateway/scim/patch.go:292.4,293.14 2 1
github.com/marcelom97/scimgateway/scim/patch.go:297.3,298.23 2 1
github.com/marcelom97/scimgateway/scim/patch.go:298.23,300.4 1 0
github.com/marcelom97/scimgateway/scim/patch.go:303.3,303.96 1 1
github.com/marcelom97/scimgateway/scim/patch.go:303.96,306.37 2 0
github.com/marcelom97/scimgateway/scim/patch.go:306.37,308.49 2 0
github.com/marcelom97/scimgateway/scim/patch.go:308.49,310.36 1 0
github.com/marcelom97/scimgateway/scim/patch.go:310.36,312.7 1 0
github.com/marcelom97/scimgateway/scim/patch.go:312.12,314.7 1 0
github.com/marcelom97/scimgateway/scim/patch.go:315.6,316.11 2 0
github.com/marcelom97/scimgateway/scim/patch.go:319.4,319.19 1 0
github.com/marcelom97/scimgateway/scim/patch.go:319.19,321.5 1 0
github.com/marcelom97/scimgateway/scim/patch.go:322.4,322.33 1 0
github.com/marcelom97/scimgateway/scim/patch.go:323.9,323.41 1 1
github.com/marcelom97/scimgateway/scim/patch.go:323.41,327.4 1 1
github.com/marcelom97/scimgateway/scim/patch.go:327.9,327.41 1 0
github.com/marcelom97/scimgateway/scim/patch.go:327.41,328.21 1 0
github.com/marcelom97/scimgateway/scim/patch.go:328.21,330.5 1 0
github.com/marcelom97/scimgateway/scim/patch.go:331.4,332.33 2 0
github.com/marcelom97/scimgateway/scim/patch.go:333.9,336.4 2 0
github.com/marcelom97/scimgateway/scim/patch.go:339.2,339.12 1 0
github.com/marcelom97/scimgateway/scim/patch.go:343.84,345.2 1 1
github.com/marcelom97/scimgateway/scim/patch.go:348.74,351.16 2 1
github.com/marcelom97/scimgateway/scim/patch.go:351.16,353.3 1 0
github.com/marcelom97/scimgateway/scim/patch.go:355.2,356.72 2 1
github.com/marcelom97/scimgateway/scim/patch.go:356.72,358.3 1 0
github.com/marcelom97/scimgateway/scim/patch.go:360.2,361.12 2 1
github.com/marcelom97/scimgateway/scim/patch.go:365.105,369.16 3 1
github.com/marcelom97/scimgateway/scim/patch.go:369.16,371.3 1 0
github.com/marcelom97/scimgateway/scim/patch.go:374.2,375.59 2 1
github.com/marcelom97/scimgateway/scim/patch.go:375.59,378.72 2 0
github.com/marcelom97/scimgateway/scim/patch.go:378.72,380.4 1 0
github.com/marcelom97/scimgateway/scim/patch.go:381.3,381.51 1 0
github.com/marcelom97/scimgateway/scim/patch.go:382.8,384.28 1 1
github.com/marcelom97/scimgateway/scim/patch.go:384.28,387.69 3 1
github.com/marcelom97/scimgateway/scim/patch.go:387.69,389.5 1 0
github.com/marcelom97/scimgateway/scim/patch.go:390.4,390.52 1 1
github.com/marcelom97/scimgateway/scim/patch.go:394.2,394.12 1 1
github.com/marcelom97/scimgateway/scim/patch.go:398.99,401.35 2 1
github.com/marcelom97/scimgateway/scim/patch.go:401.35,403.40 2 1
github.com/marcelom97/scimgateway/scim/patch.go:403.40,405.4 1 1
github.com/marcelom97/scimgateway/scim/patch.go:408.2,409.12 2 1
github.com/marcelom97/scimgateway/scim/patch.go:424.38,438.40 3 1
github.com/marcelom97/scimgateway/scim/patch.go:438.40,446.57 3 1
github.com/marcelom97/scimgateway/scim/patch.go:446.57,449.4 2 1
github.com/marcelom97/scimgateway/scim/patch.go:449.9,449.65 1 0
github.com/marcelom97/scimgateway/scim/patch.go:449.65,452.4 2 0
github.com/marcelom97/scimgateway/scim/patch.go:452.9,456.4 2 0
github.com/marcelom97/scimgateway/scim/patch.go:459.3,462.21 2 1
github.com/marcelom97/scimgateway/scim/patch.go:462.21,465.4 2 1
github.com/marcelom97/scimgateway/scim/patch.go:466.8,469.3 1 1
github.com/marcelom97/scimgateway/scim/patch.go:472.2,472.29 1 1
github.com/marcelom97/scimgateway/scim/patch.go:472.29,476.34 2 1
github.com/marcelom97/scimgateway/scim/patch.go:476.34,486.18 7 1
github.com/marcelom97/scimgateway/scim/patch.go:486.18,487.58 1 1
github.com/marcelom97/scimgateway/scim/patch.go:487.58,489.6 1 1
github.com/marcelom97/scimgateway/scim/patch.go:491.9,493.4 1 1
github.com/marcelom97/scimgateway/scim/patch.go:495.3,495.49 1 1
github.com/marcelom97/scimgateway/scim/patch.go:498.2,498.13 1 1
github.com/marcelom97/scimgateway/scim/query_utils.go:9.76,10.18 1 1
github.com/marcelom97/scimgateway/scim/query_utils.go:10.18,12.3 1 1
github.com/marcelom97/scimgateway/scim/query_utils.go:14.2,16.16 3 1
github.com/marcelom97/scimgateway/scim/query_utils.go:16.16,18.3 1 1
github.com/marcelom97/scimgateway/scim/query_utils.go:20.2,20.17 1 1
github.com/marcelom97/scimgateway/scim/query_utils.go:20.17,22.3 1 0
github.com/marcelom97/scimgateway/scim/query_utils.go:24.2,25.37 2 1
github.com/marcelom97/scimgateway/scim/query_utils.go:25.37,26.29 1 1
github.com/marcelom97/scimgateway/scim/query_utils.go:26.29,28.4 1 1
github.com/marcelom97/scimgateway/scim/query_utils.go:31.2,31.20 1 1
github.com/marcelom97/scimgateway/scim/query_utils.go:36.91,40.20 2 1
github.com/marcelom97/scimgateway/scim/query_utils.go:40.20,42.3 1 1
github.com/marcelom97/scimgateway/scim/query_utils.go:45.2,45.16 1 1
github.com/marcelom97/scimgateway/scim/query_utils.go:45.16,47.3 1 1
github.com/marcelom97/scimgateway/scim/query_utils.go:50.2,55.38 4 1
github.com/marcelom97/scimgateway/scim/query_utils.go:60.100,62.52 1 1
github.com/marcelom97/scimgateway/scim/query_utils.go:62.52,64.3 1 1
github.com/marcelom97/scimgateway/scim/query_utils.go:66.2,69.37 3 1
github.com/marcelom97/scimgateway/scim/query_utils.go:69.37,71.17 2 1
github.com/marcelom97/scimgateway/scim/query_utils.go:71.17,73.4 1 0
github.com/marcelom97/scimgateway/scim/query_utils.go:76.3,77.17 2 1
github.com/marcelom97/scimgateway/scim/query_utils.go:77.17,79.4 1 0
github.com/marcelom97/scimgateway/scim/query_utils.go:81.3,82.65 2 1
github.com/marcelom97/scimgateway/scim/query_utils.go:82.65,84.4 1 0
github.com/marcelom97/scimgateway/scim/query_utils.go:86.3,86.31 1 1
github.com/marcelom97/scimgateway/scim/query_utils.go:89.2,89.20 1 1
github.com/marcelom97/scimgateway/scim/query_utils.go:94.94,97.16 2 1
github.com/marcelom97/scimgateway/scim/query_utils.go:97.16,99.3 1 0
github.com/marcelom97/scimgateway/scim/query_utils.go:101.2,110.16 5 1
github.com/marcelom97/scimgateway/scim/query_utils.go:110.16,112.3 1 0
github.com/marcelom97/scimgateway/scim/query_utils.go:114.2,120.8 1 1
github.com/marcelom97/scimgateway/scim/search.go:27.92,28.33 1 1
github.com/marcelom97/scimgateway/scim/search.go:28.33,31.3 2 0
github.com/marcelom97/scimgateway/scim/search.go:33.2,34.16 2 1
github.com/marcelom97/scimgateway/scim/search.go:34.16,37.3 2 0
github.com/marcelom97/scimgateway/scim/search.go:38.2,41.57 3 1
github.com/marcelom97/scimgateway/scim/search.go:41.57,44.3 2 0
github.com/marcelom97/scimgateway/scim/search.go:47.2,48.18 2 1
github.com/marcelom97/scimgateway/scim/search.go:48.18,51.3 2 1
github.com/marcelom97/scimgateway/scim/search.go:54.2,54.31 1 1
github.com/marcelom97/scimgateway/scim/search.go:54.31,56.3 1 0
github.com/marcelom97/scimgateway/scim/search.go:57.2,57.26 1 1
github.com/marcelom97/scimgateway/scim/search.go:57.26,59.3 1 0
github.com/marcelom97/scimgateway/scim/search.go:62.2,77.16 4 1
github.com/marcelom97/scimgateway/scim/search.go:77.16,78.44 1 1
github.com/marcelom97/scimgateway/scim/search.go:78.44,80.4 1 1
github.com/marcelom97/scimgateway/scim/search.go:84.2,85.16 2 1
github.com/marcelom97/scimgateway/scim/search.go:85.16,86.46 1 1
github.com/marcelom97/scimgateway/scim/search.go:86.46,88.4 1 0
github.com/marcelom97/scimgateway/scim/search.go:92.2,93.16 2 1
github.com/marcelom97/scimgateway/scim/search.go:93.16,96.3 2 0
github.com/marcelom97/scimgateway/scim/search.go:98.2,104.16 5 1
github.com/marcelom97/scimgateway/scim/search.go:104.16,107.3 2 0
github.com/marcelom97/scimgateway/scim/search.go:109.2,117.49 2 1
github.com/marcelom97/scimgateway/scim/server.go:14.35,16.2 1 1
github.com/marcelom97/scimgateway/scim/server.go:54.69,56.2 1 1
github.com/marcelom97/scimgateway/scim/server.go:60.100,61.19 1 1
github.com/marcelom97/scimgateway/scim/server.go:61.19,63.3 1 1
github.com/marcelom97/scimgateway/scim/server.go:65.2,75.10 3 1
github.com/marcelom97/scimgateway/scim/server.go:81.115,82.41 1 1
github.com/marcelom97/scimgateway/scim/server.go:82.41,84.3 1 1
github.com/marcelom97/scimgateway/scim/server.go:84.8,86.3 1 1
github.com/marcelom97/scimgateway/scim/server.go:90.32,119.2 19 1
github.com/marcelom97/scimgateway/scim/server.go:122.68,124.2 1 1
github.com/marcelom97/scimgateway/scim/server.go:127.95,129.9 2 1
github.com/marcelom97/scimgateway/scim/server.go:129.9,135.3 1 1
github.com/marcelom97/scimgateway/scim/server.go:136.2,136.19 1 1
github.com/marcelom97/scimgateway/scim/server.go:140.86,145.9 3 1
github.com/marcelom97/scimgateway/scim/server.go:145.9,148.3 2 1
github.com/marcelom97/scimgateway/scim/server.go:151.2,152.47 2 1
github.com/marcelom97/scimgateway/scim/server.go:156.78,161.9 3 1
github.com/marcelom97/scimgateway/scim/server.go:161.9,164.3 2 0
github.com/marcelom97/scimgateway/scim/server.go:167.2,168.83 2 1
github.com/marcelom97/scimgateway/scim/server.go:172.72,177.9 3 1
github.com/marcelom97/scimgateway/scim/server.go:177.9,180.3 2 0
github.com/marcelom97/scimgateway/scim/server.go:183.2,187.48 2 1
github.com/marcelom97/scimgateway/scim/server.go:191.79,195.9 3 1
github.com/marcelom97/scimgateway/scim/server.go:195.9,198.3 2 0
github.com/marcelom97/scimgateway/scim/server.go:200.2,200.30 1 1
github.com/marcelom97/scimgateway/scim/server.go:204.77,207.2 2 1
github.com/marcelom97/scimgateway/scim/server.go:210.73,214.9 3 1
github.com/marcelom97/scimgateway/scim/server.go:214.9,217.3 2 1
github.com/marcelom97/scimgateway/scim/server.go:219.2,219.38 1 1
github.com/marcelom97/scimgateway/scim/server.go:223.75,227.9 3 1
github.com/marcelom97/scimgateway/scim/server.go:227.9,230.3 2 0
github.com/marcelom97/scimgateway/scim/server.go:232.2,232.40 1 1
github.com/marcelom97/scimgateway/scim/server.go:236.72,241.9 4 1
github.com/marcelom97/scimgateway/scim/server.go:241.9,244.3 2 0
github.com/marcelom97/scimgateway/scim/server.go:246.2,246.41 1 1
github.com/marcelom97/scimgateway/scim/server.go:250.76,255.9 4 0
github.com/marcelom97/scimgateway/scim/server.go:255.9,258.3 2 0
github.com/marcelom97/scimgateway/scim/server.go:260.2,260.45 1 0
github.com/marcelom97/scimgateway/scim/server.go:264.74,269.9 4 1
github.com/marcelom97/scimgateway/scim/server.go:269.9,272.3 2 0
github.com/marcelom97/scimgateway/scim/server.go:274.2,274.44 1 1
github.com/marcelom97/scimgateway/scim/server.go:278.75,283.9 4 1
github.com/marcelom97/scimgateway/scim/server.go:283.9,286.3 2 0
github.com/marcelom97/scimgateway/scim/server.go:288.2,288.44 1 1
github.com/marcelom97/scimgateway/scim/server.go:292.74,296.9 3 1
github.com/marcelom97/scimgateway/scim/server.go:296.9,299.3 2 0
github.com/marcelom97/scimgateway/scim/server.go:301.2,301.39 1 1
github.com/marcelom97/scimgateway/scim/server.go:305.76,309.9 3 1
github.com/marcelom97/scimgateway/scim/server.go:309.9,312.3 2 0
github.com/marcelom97/scimgateway/scim/server.go:314.2,314.41 1 1
github.com/marcelom97/scimgateway/scim/server.go:318.73,323.9 4 1
github.com/marcelom97/scimgateway/scim/server.go:323.9,326.3 2 0
github.com/marcelom97/scimgateway/scim/server.go:328.2,328.42 1 1
github.com/marcelom97/scimgateway/scim/server.go:332.77,337.9 4 0
github.com/marcelom97/scimgateway/scim/server.go:337.9,340.3 2 0
github.com/marcelom97/scimgateway/scim/server.go:342.2,342.46 1 0
github.com/marcelom97/scimgateway/scim/server.go:346.75,351.9 4 0
github.com/marcelom97/scimgateway/scim/server.go:351.9,354.3 2 0
github.com/marcelom97/scimgateway/scim/server.go:356.2,356.45 1 0
github.com/marcelom97/scimgateway/scim/server.go:360.76,365.9 4 1
github.com/marcelom97/scimgateway/scim/server.go:365.9,368.3 2 0
github.com/marcelom97/scimgateway/scim/server.go:370.2,370.45 1 1
github.com/marcelom97/scimgateway/scim/server.go:374.107,376.16 2 1
github.com/marcelom97/scimgateway/scim/server.go:376.16,379.3 2 0
github.com/marcelom97/scimgateway/scim/server.go:381.2,382.16 2 1
github.com/marcelom97/scimgateway/scim/server.go:382.16,383.42 1 0
github.com/marcelom97/scimgateway/scim/server.go:383.42,385.4 1 0
github.com/marcelom97/scimgateway/scim/server.go:385.9,387.4 1 0
github.com/marcelom97/scimgateway/scim/server.go:388.3,388.9 1 0
github.com/marcelom97/scimgateway/scim/server.go:392.2,392.64 1 1
github.com/marcelom97/scimgateway/scim/server.go:392.64,396.43 3 0
github.com/marcelom97/scimgateway/scim/server.go:396.43,398.4 1 0
github.com/marcelom97/scimgateway/scim/server.go:400.3,401.17 2 0
github.com/marcelom97/scimgateway/scim/server.go:401.17,404.4 2 0
github.com/marcelom97/scimgateway/scim/server.go:407.3,415.9 3 0
github.com/marcelom97/scimgateway/scim/server.go:418.2,418.49 1 1
github.com/marcelom97/scimgateway/scim/server.go:422.109,424.16 2 1
github.com/marcelom97/scimgateway/scim/server.go:424.16,427.3 2 0
github.com/marcelom97/scimgateway/scim/server.go:428.2,431.52 3 1
github.com/marcelom97/scimgateway/scim/server.go:431.52,434.3 2 1
github.com/marcelom97/scimgateway/scim/server.go:437.2,438.54 2 1
github.com/marcelom97/scimgateway/scim/server.go:438.54,441.3 2 0
github.com/marcelom97/scimgateway/scim/server.go:445.2,447.45 3 1
github.com/marcelom97/scimgateway/scim/server.go:447.45,449.3 1 0
github.com/marcelom97/scimgateway/scim/server.go:451.2,452.16 2 1
github.com/marcelom97/scimgateway/scim/server.go:452.16,455.3 2 0
github.com/marcelom97/scimgateway/scim/server.go:458.2,460.25 3 1
github.com/marcelom97/scimgateway/scim/server.go:460.25,462.3 1 0
github.com/marcelom97/scimgateway/scim/server.go:465.2,466.16 2 1
github.com/marcelom97/scimgateway/scim/server.go:466.16,469.3 2 0
github.com/marcelom97/scimgateway/scim/server.go:472.2,477.53 3 1
github.com/marcelom97/scimgateway/scim/server.go:481.117,483.16 2 1
github.com/marcelom97/scimgateway/scim/server.go:483.16,486.3 2 0
github.com/marcelom97/scimgateway/scim/server.go:488.2,489.16 2 1
github.com/marcelom97/scimgateway/scim/server.go:489.16,492.3 2 1
github.com/marcelom97/scimgateway/scim/server.go:495.2,496.16 2 1
github.com/marcelom97/scimgateway/scim/server.go:496.16,499.3 2 0
github.com/marcelom97/scimgateway/scim/server.go:502.2,503.52 2 1
github.com/marcelom97/scimgateway/scim/server.go:503.52,508.3 3 0
github.com/marcelom97/scimgateway/scim/server.go:511.2,517.64 3 1
github.com/marcelom97/scimgateway/scim/server.go:517.64,520.17 3 0
github.com/marcelom97/scimgateway/scim/server.go:520.17,523.4 2 0
github.com/marcelom97/scimgateway/scim/server.go:525.3,526.9 2 0
github.com/marcelom97/scimgateway/scim/server.go:529.2,529.45 1 1
github.com/marcelom97/scimgateway/scim/server.go:533.121,536.16 2 0
github.com/marcelom97/scimgateway/scim/server.go:536.16,539.3 2 0
github.com/marcelom97/scimgateway/scim/server.go:542.2,543.16 2 0
github.com/marcelom97/scimgateway/scim/server.go:543.16,546.3 2 0
github.com/marcelom97/scimgateway/scim/server.go:549.2,550.59 2 0
github.com/marcelom97/scimgateway/scim/server.go:550.59,553.3 2 0
github.com/marcelom97/scimgateway/scim/server.go:555.2,556.62 2 0
github.com/marcelom97/scimgateway/scim/server.go:556.62,559.3 2 0
github.com/marcelom97/scimgateway/scim/server.go:562.2,563.54 2 0
github.com/marcelom97/scimgateway/scim/server.go:563.54,566.3 2 0
github.com/marcelom97/scimgateway/scim/server.go:569.2,572.59 2 0
github.com/marcelom97/scimgateway/scim/server.go:572.59,575.3 2 0
github.com/marcelom97/scimgateway/scim/server.go:577.2,578.16 2 0
github.com/marcelom97/scimgateway/scim/server.go:578.16,581.3 2 0
github.com/marcelom97/scimgateway/scim/server.go:584.2,585.16 2 0
github.com/marcelom97/scimgateway/scim/server.go:585.16,588.3 2 0
github.com/marcelom97/scimgateway/scim/server.go:591.2,596.48 3 0
github.com/marcelom97/scimgateway/scim/server.go:600.120,603.16 2 1
github.com/marcelom97/scimgateway/scim/server.go:603.16,606.3 2 0
github.com/marcelom97/scimgateway/scim/server.go:609.2,610.16 2 1
github.com/marcelom97/scimgateway/scim/server.go:610.16,613.3 2 0
github.com/marcelom97/scimgateway/scim/server.go:616.2,617.59 2 1
github.com/marcelom97/scimgateway/scim/server.go:617.59,620.3 2 0
github.com/marcelom97/scimgateway/scim/server.go:622.2,623.63 2 1
github.com/marcelom97/scimgateway/scim/server.go:623.63,626.3 2 0
github.com/marcelom97/scimgateway/scim/server.go:629.2,630.58 2 1
github.com/marcelom97/scimgateway/scim/server.go:630.58,633.3 2 0
github.com/marcelom97/scimgateway/scim/server.go:635.2,635.67 1 1
github.com/marcelom97/scimgateway/scim/server.go:635.67,638.3 2 0
github.com/marcelom97/scimgateway/scim/server.go:641.2,642.16 2 1
github.com/marcelom97/scimgateway/scim/server.go:642.16,645.3 2 0
github.com/marcelom97/scimgateway/scim/server.go:648.2,649.16 2 1
github.com/marcelom97/scimgateway/scim/server.go:649.16,652.3 2 0
github.com/marcelom97/scimgateway/scim/server.go:655.2,660.45 3 1
github.com/marcelom97/scimgateway/scim/server.go:664.120,667.16 2 1
github.com/marcelom97/scimgateway/scim/server.go:667.16,670.3 2 0
github.com/marcelom97/scimgateway/scim/server.go:673.2,674.16 2 1
github.com/marcelom97/scimgateway/scim/server.go:674.16,677.3 2 0
github.com/marcelom97/scimgateway/scim/server.go:680.2,681.59 2 1
github.com/marcelom97/scimgateway/scim/server.go:681.59,684.3 2 0
github.com/marcelom97/scimgateway/scim/server.go:686.2,686.59 1 1
github.com/marcelom97/scimgateway/scim/server.go:686.59,689.3 2 0
github.com/marcelom97/scimgateway/scim/server.go:691.2,691.37 1 1
github.com/marcelom97/scimgateway/scim/server.go:695.108,697.16 2 1
github.com/marcelom97/scimgateway/scim/server.go:697.16,700.3 2 0
github.com/marcelom97/scimgateway/scim/server.go:702.2,703.16 2 1
github.com/marcelom97/scimgateway/scim/server.go:703.16,704.42 1 0
github.com/marcelom97/scimgateway/scim/server.go:704.42,706.4 1 0
github.com/marcelom97/scimgateway/scim/server.go:706.9,708.4 1 0
github.com/marcelom97/scimgateway/scim/server.go:709.3,709.9 1 0
github.com/marcelom97/scimgateway/scim/server.go:713.2,713.64 1 1
github.com/marcelom97/scimgateway/scim/server.go:713.64,717.44 3 0
github.com/marcelom97/scimgateway/scim/server.go:717.44,719.4 1 0
github.com/marcelom97/scimgateway/scim/server.go:721.3,722.17 2 0
github.com/marcelom97/scimgateway/scim/server.go:722.17,725.4 2 0
github.com/marcelom97/scimgateway/scim/server.go:728.3,736.9 3 0
github.com/marcelom97/scimgateway/scim/server.go:739.2,739.49 1 1
github.com/marcelom97/scimgateway/scim/server.go:743.110,745.63 2 1
github.com/marcelom97/scimgateway/scim/server.go:745.63,748.3 2 0
github.com/marcelom97/scimgateway/scim/server.go:751.2,752.56 2 1
github.com/marcelom97/scimgateway/scim/server.go:752.56,755.3 2 0
github.com/marcelom97/scimgateway/scim/server.go:757.2,758.16 2 1
github.com/marcelom97/scimgateway/scim/server.go:758.16,761.3 2 0
github.com/marcelom97/scimgateway/scim/server.go:764.2,766.25 3 1
github.com/marcelom97/scimgateway/scim/server.go:766.25,768.3 1 0
github.com/marcelom97/scimgateway/scim/server.go:771.2,772.16 2 1
github.com/marcelom97/scimgateway/scim/server.go:772.16,775.3 2 0
github.com/marcelom97/scimgateway/scim/server.go:778.2,783.53 3 1
github.com/marcelom97/scimgateway/scim/server.go:787.118,789.16 2 1
github.com/marcelom97/scimgateway/scim/server.go:789.16,792.3 2 0
github.com/marcelom97/scimgateway/scim/server.go:794.2,795.16 2 1
github.com/marcelom97/scimgateway/scim/server.go:795.16,798.3 2 0
github.com/marcelom97/scimgateway/scim/server.go:801.2,802.16 2 1
github.com/marcelom97/scimgateway/scim/server.go:802.16,805.3 2 0
github.com/marcelom97/scimgateway/scim/server.go:808.2,809.52 2 1
github.com/marcelom97/scimgateway/scim/server.go:809.52,814.3 3 0
github.com/marcelom97/scimgateway/scim/server.go:817.2,823.64 3 1
github.com/marcelom97/scimgateway/scim/server.go:823.64,826.17 3 0
github.com/marcelom97/scimgateway/scim/server.go:826.17,829.4 2 0
github.com/marcelom97/scimgateway/scim/server.go:831.3,832.9 2 0
github.com/marcelom97/scimgateway/scim/server.go:835.2,835.46 1 1
github.com/marcelom97/scimgateway/scim/server.go:839.122,842.16 2 0
github.com/marcelom97/scimgateway/scim/server.go:842.16,845.3 2 0
github.com/marcelom97/scimgateway/scim/server.go:848.2,849.16 2 0
github.com/marcelom97/scimgateway/scim/server.go:849.16,852.3 2 0
github.com/marcelom97/scimgateway/scim/server.go:855.2,856.59 2 0
github.com/marcelom97/scimgateway/scim/server.go:856.59,859.3 2 0
github.com/marcelom97/scimgateway/scim/server.go:861.2,862.63 2 0
github.com/marcelom97/scimgateway/scim/server.go:862.63,865.3 2 0
github.com/marcelom97/scimgateway/scim/server.go:868.2,869.56 2 0
github.com/marcelom97/scimgateway/scim/server.go:869.56,872.3 2 0
github.com/marcelom97/scimgateway/scim/server.go:875.2,878.60 2 0
github.com/marcelom97/scimgateway/scim/server.go:878.60,881.3 2 0
github.com/marcelom97/scimgateway/scim/server.go:883.2,884.16 2 0
github.com/marcelom97/scimgateway/scim/server.go:884.16,887.3 2 0
github.com/marcelom97/scimgateway/scim/server.go:890.2,891.16 2 0
github.com/marcelom97/scimgateway/scim/server.go:891.16,894.3 2 0
github.com/marcelom97/scimgateway/scim/server.go:897.2,902.48 3 0
github.com/marcelom97/scimgateway/scim/server.go:906.121,909.16 2 0
github.com/marcelom97/scimgateway/scim/server.go:909.16,912.3 2 0
github.com/marcelom97/scimgateway/scim/server.go:915.2,916.16 2 0
github.com/marcelom97/scimgateway/scim/server.go:916.16,919.3 2 0
github.com/marcelom97/scimgateway/scim/server.go:922.2,923.59 2 0
github.com/marcelom97/scimgateway/scim/server.go:923.59,926.3 2 0
github.com/marcelom97/scimgateway/scim/server.go:928.2,929.63 2 0
github.com/marcelom97/scimgateway/scim/server.go:929.63,932.3 2 0
github.com/marcelom97/scimgateway/scim/server.go:935.2,936.58 2 0
github.com/marcelom97/scimgateway/scim/server.go:936.58,939.3 2 0
github.com/marcelom97/scimgateway/scim/server.go:941.2,941.68 1 0
github.com/marcelom97/scimgateway/scim/server.go:941.68,944.3 2 0
github.com/marcelom97/scimgateway/scim/server.go:947.2,948.16 2 0
github.com/marcelom97/scimgateway/scim/server.go:948.16,951.3 2 0
github.com/marcelom97/scimgateway/scim/server.go:954.2,955.16 2 0
github.com/marcelom97/scimgateway/scim/server.go:955.16,958.3 2 0
github.com/marcelom97/scimgateway/scim/server.go:961.2,966.46 3 0
github.com/marcelom97/scimgateway/scim/server.go:970.121,973.16 2 1
github.com/marcelom97/scimgateway/scim/server.go:973.16,976.3 2 0
github.com/marcelom97/scimgateway/scim/server.go:979.2,980.16 2 1
github.com/marcelom97/scimgateway/scim/server.go:980.16,983.3 2 0
github.com/marcelom97/scimgateway/scim/server.go:986.2,987.59 2 1
github.com/marcelom97/scimgateway/scim/server.go:987.59,990.3 2 0
github.com/marcelom97/scimgateway/scim/server.go:992.2,992.60 1 1
github.com/marcelom97/scimgateway/scim/server.go:992.60,995.3 2 0
github.com/marcelom97/scimgateway/scim/server.go:997.2,997.37 1 1
github.com/marcelom97/scimgateway/scim/test_helpers.go:18.34,23.2 1 1
github.com/marcelom97/scimgateway/scim/test_helpers.go:25.102,30.31 4 1
github.com/marcelom97/scimgateway/scim/test_helpers.go:30.31,32.3 1 1
github.com/marcelom97/scimgateway/scim/test_helpers.go:35.2,35.25 1 1
github.com/marcelom97/scimgateway/scim/test_helpers.go:35.25,37.17 2 1
github.com/marcelom97/scimgateway/scim/test_helpers.go:37.17,39.4 1 0
github.com/marcelom97/scimgateway/scim/test_helpers.go:40.3,40.19 1 1
github.com/marcelom97/scimgateway/scim/test_helpers.go:43.2,47.8 1 1
github.com/marcelom97/scimgateway/scim/test_helpers.go:50.81,54.19 3 1
github.com/marcelom97/scimgateway/scim/test_helpers.go:54.19,56.3 1 1
github.com/marcelom97/scimgateway/scim/test_helpers.go:57.2,57.28 1 1
github.com/marcelom97/scimgateway/scim/test_helpers.go:57.28,59.3 1 1
github.com/marcelom97/scimgateway/scim/test_helpers.go:61.2,62.18 2 1
github.com/marcelom97/scimgateway/scim/test_helpers.go:65.98,70.9 4 1
github.com/marcelom97/scimgateway/scim/test_helpers.go:70.9,72.3 1 1
github.com/marcelom97/scimgateway/scim/test_helpers.go:73.2,73.18 1 1
github.com/marcelom97/scimgateway/scim/test_helpers.go:76.87,81.9 4 1
github.com/marcelom97/scimgateway/scim/test_helpers.go:81.9,83.3 1 0
github.com/marcelom97/scimgateway/scim/test_helpers.go:85.2,86.40 2 1
github.com/marcelom97/scimgateway/scim/test_helpers.go:89.71,93.31 3 1
github.com/marcelom97/scimgateway/scim/test_helpers.go:93.31,95.3 1 1
github.com/marcelom97/scimgateway/scim/test_helpers.go:96.2,97.12 2 1
github.com/marcelom97/scimgateway/scim/test_helpers.go:100.104,105.33 4 1
github.com/marcelom97/scimgateway/scim/test_helpers.go:105.33,107.3 1 1
github.com/marcelom97/scimgateway/scim/test_helpers.go:110.2,110.25 1 1
github.com/marcelom97/scimgateway/scim/test_helpers.go:110.25,112.17 2 1
github.com/marcelom97/scimgateway/scim/test_helpers.go:112.17,114.4 1 0
github.com/marcelom97/scimgateway/scim/test_helpers.go:115.3,115.20 1 1
github.com/marcelom97/scimgateway/scim/test_helpers.go:118.2,122.8 1 1
github.com/marcelom97/scimgateway/scim/test_helpers.go:125.85,129.20 3 1
github.com/marcelom97/scimgateway/scim/test_helpers.go:129.20,131.3 1 1
github.com/marcelom97/scimgateway/scim/test_helpers.go:132.2,132.29 1 1
github.com/marcelom97/scimgateway/scim/test_helpers.go:132.29,134.3 1 1
github.com/marcelom97/scimgateway/scim/test_helpers.go:136.2,137.19 2 1
github.com/marcelom97/scimgateway/scim/test_helpers.go:140.100,145.9 4 1
github.com/marcelom97/scimgateway/scim/test_helpers.go:145.9,147.3 1 0
github.com/marcelom97/scimgateway/scim/test_helpers.go:148.2,148.19 1 1
github.com/marcelom97/scimgateway/scim/test_helpers.go:151.88,156.9 4 0
github.com/marcelom97/scimgateway/scim/test_helpers.go:156.9,158.3 1 0
github.com/marcelom97/scimgateway/scim/test_helpers.go:160.2,161.41 2 0
github.com/marcelom97/scimgateway/scim/test_helpers.go:164.72,168.32 3 1
github.com/marcelom97/scimgateway/scim/test_helpers.go:168.32,170.3 1 0
github.com/marcelom97/scimgateway/scim/test_helpers.go:171.2,172.12 2 1
github.com/marcelom97/scimgateway/scim/test_helpers.go:180.67,181.21 1 1
github.com/marcelom97/scimgateway/scim/test_helpers.go:181.21,183.3 1 1
github.com/marcelom97/scimgateway/scim/test_helpers.go:184.2,184.19 1 1
github.com/marcelom97/scimgateway/scim/test_helpers.go:187.45,189.2 1 0
github.com/marcelom97/scimgateway/scim/types.go:77.52,79.51 2 1
github.com/marcelom97/scimgateway/scim/types.go:79.51,81.3 1 0
github.com/marcelom97/scimgateway/scim/types.go:82.2,82.25 1 1
github.com/marcelom97/scimgateway/scim/types.go:83.12,85.13 2 1
github.com/marcelom97/scimgateway/scim/types.go:86.14,87.35 1 0
github.com/marcelom97/scimgateway/scim/types.go:87.35,89.4 1 0
github.com/marcelom97/scimgateway/scim/types.go:89.9,89.43 1 0
github.com/marcelom97/scimgateway/scim/types.go:89.43,91.4 1 0
github.com/marcelom97/scimgateway/scim/types.go:91.9,93.4 1 0
github.com/marcelom97/scimgateway/scim/types.go:94.3,94.13 1 0
github.com/marcelom97/scimgateway/scim/types.go:95.10,96.13 1 0
github.com/marcelom97/scimgateway/scim/types.go:100.48,102.2 1 1
github.com/marcelom97/scimgateway/scim/types.go:205.25,207.2 1 1
github.com/marcelom97/scimgateway/scim/validation.go:14.32,16.2 1 1
github.com/marcelom97/scimgateway/scim/validation.go:19.52,20.17 1 1
github.com/marcelom97/scimgateway/scim/validation.go:20.17,22.3 1 1
github.com/marcelom97/scimgateway/scim/validation.go:25.2,25.44 1 1
github.com/marcelom97/scimgateway/scim/validation.go:25.44,27.3 1 1
github.com/marcelom97/scimgateway/scim/validation.go:30.2,30.37 1 1
github.com/marcelom97/scimgateway/scim/validation.go:30.37,32.3 1 1
github.com/marcelom97/scimgateway/scim/validation.go:35.2,35.28 1 1
github.com/marcelom97/scimgateway/scim/validation.go:35.28,37.3 1 1
github.com/marcelom97/scimgateway/scim/validation.go:39.2,39.12 1 1
github.com/marcelom97/scimgateway/scim/validation.go:43.55,44.18 1 1
github.com/marcelom97/scimgateway/scim/validation.go:44.18,46.3 1 1
github.com/marcelom97/scimgateway/scim/validation.go:49.2,49.48 1 1
github.com/marcelom97/scimgateway/scim/validation.go:49.48,51.3 1 1
github.com/marcelom97/scimgateway/scim/validation.go:54.2,54.29 1 1
github.com/marcelom97/scimgateway/scim/validation.go:54.29,56.3 1 1
github.com/marcelom97/scimgateway/scim/validation.go:58.2,58.12 1 1
github.com/marcelom97/scimgateway/scim/validation.go:62.59,63.18 1 1
github.com/marcelom97/scimgateway/scim/validation.go:63.18,65.3 1 0
github.com/marcelom97/scimgateway/scim/validation.go:68.2,69.18 2 1
github.com/marcelom97/scimgateway/scim/validation.go:69.18,71.3 1 1
github.com/marcelom97/scimgateway/scim/validation.go:74.2,74.32 1 1
github.com/marcelom97/scimgateway/scim/validation.go:74.32,76.3 1 1
github.com/marcelom97/scimgateway/scim/validation.go:78.2,78.38 1 1
github.com/marcelom97/scimgateway/scim/validation.go:78.38,79.54 1 1
github.com/marcelom97/scimgateway/scim/validation.go:79.54,81.4 1 1
github.com/marcelom97/scimgateway/scim/validation.go:84.2,84.12 1 1
github.com/marcelom97/scimgateway/scim/validation.go:88.69,91.69 2 1
github.com/marcelom97/scimgateway/scim/validation.go:91.69,93.3 1 1
github.com/marcelom97/scimgateway/scim/validation.go:96.2,96.42 1 1
github.com/marcelom97/scimgateway/scim/validation.go:96.42,98.3 1 1
github.com/marcelom97/scimgateway/scim/validation.go:101.2,101.84 1 1
github.com/marcelom97/scimgateway/scim/validation.go:101.84,103.3 1 0
github.com/marcelom97/scimgateway/scim/validation.go:105.2,105.12 1 1
github.com/marcelom97/scimgateway/scim/validation.go:109.44,113.2 2 1
github.com/marcelom97/scimgateway/scim/validation.go:116.41,124.2 3 1
github.com/marcelom97/scimgateway/scim/validation.go:127.53,129.27 1 1
github.com/marcelom97/scimgateway/scim/validation.go:129.27,131.3 1 1
github.com/marcelom97/scimgateway/scim/validation.go:134.2,134.22 1 1
github.com/marcelom97/scimgateway/scim/validation.go:134.22,136.3 1 1
github.com/marcelom97/scimgateway/scim/validation.go:137.2,137.25 1 1
github.com/marcelom97/scimgateway/scim/validation.go:137.25,139.3 1 1
github.com/marcelom97/scimgateway/scim/validation.go:142.2,142.28 1 1
github.com/marcelom97/scimgateway/scim/validation.go:142.28,144.60 2 1
github.com/marcelom97/scimgateway/scim/validation.go:144.60,146.4 1 1
github.com/marcelom97/scimgateway/scim/validation.go:147.3,147.31 1 1
github.com/marcelom97/scimgateway/scim/validation.go:150.2,150.12 1 1
